Build started 8/8/2014 10:48:50 AM.
Project "C:\Charith\Dropbox\Research\development\exalgo\postprocess\buildex\build32\buildex.vcxproj" on node 2 (Build target(s)).
C:\Program Files (x86)\MSBuild\Microsoft.Cpp\v4.0\V120\Microsoft.CppBuild.targets(396,5): warning MSB8029: The Intermediate directory or Output directory cannot reside under the Temporary directory as it could lead to issues with incremental build.
InitializeBuildStatus:
  Touching "buildex.dir\Debug\buildex.tlog\unsuccessfulbuild".
CustomBuild:
  All outputs are up-to-date.
ClCompile:
  C:\Program Files (x86)\Microsoft Visual Studio 12.0\VC\bin\CL.exe /c /IC:/Charith/Dropbox/Research/development/exalgo/postprocess/buildex/include /Zi /nologo /W3 /WX- /Od /Ob0 /Oy- /D WIN32 /D _WINDOWS /D _DEBUG /D "CMAKE_INTDIR=\"Debug\"" /D _MBCS /Gm- /EHsc /RTC1 /MDd /GS /fp:precise /Zc:wchar_t /Zc:forScope /GR /Fo"buildex.dir\Debug\\" /Fd"C:/Charith/Dropbox/Research/development/exalgo/postprocess/buildex/build32/bin/buildex.pdb" /Gd /TP /analyze- /errorReport:prompt ..\src\main.cpp ..\src\expression_tree.cpp ..\src\canonicalize.cpp ..\src\fileparser.cpp ..\src\build_mem_instrace.cpp ..\src\build_mem_dump.cpp ..\src\build_tree.cpp ..\src\build_abs_tree.cpp ..\src\print_common.cpp ..\src\print_halide.cpp ..\src\print_dot.cpp
  main.cpp
..\src\main.cpp(192): warning C4018: '<' : signed/unsigned mismatch
  expression_tree.cpp
..\src\expression_tree.cpp(38): warning C4244: 'return' : conversion from 'uint64' to 'int', possible loss of data
..\src\expression_tree.cpp(98): warning C4018: '<' : signed/unsigned mismatch
..\src\expression_tree.cpp(141): warning C4244: 'initializing' : conversion from 'uint64' to 'uint', possible loss of data
..\src\expression_tree.cpp(163): warning C4018: '<' : signed/unsigned mismatch
..\src\expression_tree.cpp(169): warning C4244: 'initializing' : conversion from 'uint64' to 'uint', possible loss of data
..\src\expression_tree.cpp(201): warning C4244: 'initializing' : conversion from 'uint64' to 'uint', possible loss of data
..\src\expression_tree.cpp(213): warning C4244: 'initializing' : conversion from 'uint64' to 'uint', possible loss of data
..\src\expression_tree.cpp(228): warning C4244: 'initializing' : conversion from 'uint64' to 'uint', possible loss of data
..\src\expression_tree.cpp(243): warning C4244: 'initializing' : conversion from 'uint64' to 'uint', possible loss of data
..\src\expression_tree.cpp(268): warning C4018: '<' : signed/unsigned mismatch
..\src\expression_tree.cpp(316): warning C4018: '<' : signed/unsigned mismatch
..\src\expression_tree.cpp(320): warning C4018: '<' : signed/unsigned mismatch
..\src\expression_tree.cpp(341): warning C4018: '<' : signed/unsigned mismatch
..\src\expression_tree.cpp(366): warning C4018: '<' : signed/unsigned mismatch
..\src\expression_tree.cpp(403): warning C4018: '<' : signed/unsigned mismatch
  canonicalize.cpp
  fileparser.cpp
..\src\fileparser.cpp(60): warning C4018: '<' : signed/unsigned mismatch
..\src\fileparser.cpp(66): warning C4244: '=' : conversion from 'double' to 'float', possible loss of data
..\src\fileparser.cpp(84): warning C4018: '<' : signed/unsigned mismatch
..\src\fileparser.cpp(88): warning C4244: '=' : conversion from 'double' to 'float', possible loss of data
..\src\fileparser.cpp(164): warning C4018: '<' : signed/unsigned mismatch
..\src\fileparser.cpp(206): warning C4244: '=' : conversion from 'std::streamoff' to 'unsigned int', possible loss of data
..\src\fileparser.cpp(212): warning C4244: '=' : conversion from 'std::streamoff' to 'unsigned int', possible loss of data
..\src\fileparser.cpp(215): warning C4244: '=' : conversion from 'std::streamoff' to 'unsigned int', possible loss of data
..\src\fileparser.cpp(265): warning C4018: '<' : signed/unsigned mismatch
..\src\fileparser.cpp(272): warning C4018: '<' : signed/unsigned mismatch
  build_mem_instrace.cpp
..\src\build_mem_instrace.cpp(38): warning C4018: '<' : signed/unsigned mismatch
..\src\build_mem_instrace.cpp(41): warning C4018: '<' : signed/unsigned mismatch
..\src\build_mem_instrace.cpp(69): warning C4018: '<' : signed/unsigned mismatch
..\src\build_mem_instrace.cpp(84): warning C4018: '<' : signed/unsigned mismatch
..\src\build_mem_instrace.cpp(97): warning C4018: '<' : signed/unsigned mismatch
..\src\build_mem_instrace.cpp(102): warning C4018: '<' : signed/unsigned mismatch
..\src\build_mem_instrace.cpp(127): warning C4018: '<' : signed/unsigned mismatch
..\src\build_mem_instrace.cpp(201): warning C4018: '<' : signed/unsigned mismatch
..\src\build_mem_instrace.cpp(205): warning C4018: '<' : signed/unsigned mismatch
..\src\build_mem_instrace.cpp(283): warning C4018: '<' : signed/unsigned mismatch
..\src\build_mem_instrace.cpp(292): warning C4018: '<' : signed/unsigned mismatch
..\src\build_mem_instrace.cpp(300): warning C4244: 'initializing' : conversion from 'uint64_t' to 'uint32_t', possible loss of data
..\src\build_mem_instrace.cpp(321): warning C4018: '<' : signed/unsigned mismatch
..\src\build_mem_instrace.cpp(339): warning C4018: '<' : signed/unsigned mismatch
  build_mem_dump.cpp
..\src\build_mem_dump.cpp(18): warning C4018: '<' : signed/unsigned mismatch
..\src\build_mem_dump.cpp(62): warning C4554: '&' : check operator precedence for possible error; use parentheses to clarify precedence
..\src\build_mem_dump.cpp(65): warning C4554: '&' : check operator precedence for possible error; use parentheses to clarify precedence
..\src\build_mem_dump.cpp(79): warning C4018: '<' : signed/unsigned mismatch
..\src\build_mem_dump.cpp(105): warning C4554: '&' : check operator precedence for possible error; use parentheses to clarify precedence
..\src\build_mem_dump.cpp(108): warning C4554: '&' : check operator precedence for possible error; use parentheses to clarify precedence
..\src\build_mem_dump.cpp(111): warning C4554: '&' : check operator precedence for possible error; use parentheses to clarify precedence
..\src\build_mem_dump.cpp(134): warning C4018: '<' : signed/unsigned mismatch
..\src\build_mem_dump.cpp(144): warning C4018: '<' : signed/unsigned mismatch
..\src\build_mem_dump.cpp(170): warning C4554: '&' : check operator precedence for possible error; use parentheses to clarify precedence
..\src\build_mem_dump.cpp(174): warning C4554: '&' : check operator precedence for possible error; use parentheses to clarify precedence
..\src\build_mem_dump.cpp(200): warning C4018: '<' : signed/unsigned mismatch
..\src\build_mem_dump.cpp(204): warning C4554: '&' : check operator precedence for possible error; use parentheses to clarify precedence
..\src\build_mem_dump.cpp(213): warning C4554: '&' : check operator precedence for possible error; use parentheses to clarify precedence
..\src\build_mem_dump.cpp(237): warning C4244: 'initializing' : conversion from 'uint64' to 'uint', possible loss of data
..\src\build_mem_dump.cpp(241): warning C4244: 'initializing' : conversion from 'uint64' to 'uint', possible loss of data
..\src\build_mem_dump.cpp(244): warning C4244: 'initializing' : conversion from 'uint64' to 'uint', possible loss of data
..\src\build_mem_dump.cpp(272): warning C4018: '<' : signed/unsigned mismatch
  build_tree.cpp
..\src\build_tree.cpp(15): warning C4018: '<' : signed/unsigned mismatch
..\src\build_tree.cpp(19): warning C4018: '<' : signed/unsigned mismatch
  build_abs_tree.cpp
..\src\build_abs_tree.cpp(62): warning C4244: '=' : conversion from 'uint64' to 'int', possible loss of data
..\src\build_abs_tree.cpp(78): warning C4244: '=' : conversion from 'uint64' to 'uint', possible loss of data
..\src\build_abs_tree.cpp(92): warning C4018: '<' : signed/unsigned mismatch
..\src\build_abs_tree.cpp(108): warning C4018: '<' : signed/unsigned mismatch
..\src\build_abs_tree.cpp(117): warning C4018: '<' : signed/unsigned mismatch
..\src\build_abs_tree.cpp(124): warning C4018: '<' : signed/unsigned mismatch
..\src\build_abs_tree.cpp(126): warning C4018: '<' : signed/unsigned mismatch
..\src\build_abs_tree.cpp(157): warning C4018: '<' : signed/unsigned mismatch
..\src\build_abs_tree.cpp(161): warning C4018: '<' : signed/unsigned mismatch
..\src\build_abs_tree.cpp(168): warning C4018: '<' : signed/unsigned mismatch
..\src\build_abs_tree.cpp(231): warning C4018: '<' : signed/unsigned mismatch
..\src\build_abs_tree.cpp(238): warning C4018: '<' : signed/unsigned mismatch
..\src\build_abs_tree.cpp(240): warning C4018: '<' : signed/unsigned mismatch
..\src\build_abs_tree.cpp(248): warning C4018: '<' : signed/unsigned mismatch
..\src\build_abs_tree.cpp(275): warning C4018: '<' : signed/unsigned mismatch
..\src\build_abs_tree.cpp(286): warning C4018: '<' : signed/unsigned mismatch
..\src\build_abs_tree.cpp(301): warning C4018: '<' : signed/unsigned mismatch
..\src\build_abs_tree.cpp(315): warning C4018: '<' : signed/unsigned mismatch
  print_common.cpp
..\src\print_common.cpp(13): warning C4244: 'initializing' : conversion from 'uint64' to 'uint', possible loss of data
..\src\print_common.cpp(79): warning C4018: '<' : signed/unsigned mismatch
..\src\print_common.cpp(80): warning C4018: '<' : signed/unsigned mismatch
  print_halide.cpp
..\src\print_halide.cpp(59): warning C4018: '<' : signed/unsigned mismatch
..\src\print_halide.cpp(62): warning C4018: '<' : signed/unsigned mismatch
..\src\print_halide.cpp(108): warning C4018: '<' : signed/unsigned mismatch
..\src\print_halide.cpp(129): warning C4018: '<' : signed/unsigned mismatch
..\src\print_halide.cpp(159): warning C4018: '<' : signed/unsigned mismatch
..\src\print_halide.cpp(233): warning C4018: '<' : signed/unsigned mismatch
..\src\print_halide.cpp(237): warning C4018: '<' : signed/unsigned mismatch
..\src\print_halide.cpp(238): warning C4018: '<' : signed/unsigned mismatch
..\src\print_halide.cpp(254): warning C4018: '<' : signed/unsigned mismatch
..\src\print_halide.cpp(255): warning C4018: '<' : signed/unsigned mismatch
..\src\print_halide.cpp(261): warning C4018: '<' : signed/unsigned mismatch
..\src\print_halide.cpp(289): warning C4018: '<' : signed/unsigned mismatch
..\src\print_halide.cpp(298): warning C4018: '<' : signed/unsigned mismatch
..\src\print_halide.cpp(312): warning C4018: '<' : signed/unsigned mismatch
..\src\print_halide.cpp(352): warning C4018: '<' : signed/unsigned mismatch
..\src\print_halide.cpp(366): warning C4018: '<' : signed/unsigned mismatch
..\src\print_halide.cpp(374): warning C4018: '<' : signed/unsigned mismatch
..\src\print_halide.cpp(394): warning C4018: '<' : signed/unsigned mismatch
..\src\print_halide.cpp(430): warning C4018: '<' : signed/unsigned mismatch
  print_dot.cpp
..\src\print_dot.cpp(29): warning C4018: '<' : signed/unsigned mismatch
..\src\print_dot.cpp(52): warning C4018: '<' : signed/unsigned mismatch
..\src\print_dot.cpp(58): warning C4018: '<' : signed/unsigned mismatch
..\src\print_dot.cpp(62): warning C4018: '<' : signed/unsigned mismatch
..\src\print_dot.cpp(81): warning C4018: '<' : signed/unsigned mismatch
..\src\print_dot.cpp(90): warning C4018: '<' : signed/unsigned mismatch
..\src\print_dot.cpp(130): warning C4018: '<' : signed/unsigned mismatch
..\src\print_dot.cpp(164): warning C4018: '<' : signed/unsigned mismatch
..\src\print_dot.cpp(168): warning C4018: '<' : signed/unsigned mismatch
..\src\print_dot.cpp(196): warning C4018: '<' : signed/unsigned mismatch
..\src\print_dot.cpp(209): warning C4018: '<' : signed/unsigned mismatch
..\src\print_dot.cpp(213): warning C4018: '<' : signed/unsigned mismatch
..\src\print_dot.cpp(214): warning C4018: '<' : signed/unsigned mismatch
..\src\print_dot.cpp(229): warning C4018: '<' : signed/unsigned mismatch
..\src\print_dot.cpp(230): warning C4018: '<' : signed/unsigned mismatch
..\src\print_dot.cpp(237): warning C4018: '<' : signed/unsigned mismatch
..\src\print_dot.cpp(262): warning C4018: '<' : signed/unsigned mismatch
..\src\print_dot.cpp(281): warning C4018: '<' : signed/unsigned mismatch
..\src\print_dot.cpp(304): warning C4018: '<' : signed/unsigned mismatch
..\src\print_dot.cpp(308): warning C4018: '<' : signed/unsigned mismatch
..\src\print_dot.cpp(336): warning C4018: '<' : signed/unsigned mismatch
  Generating Code...
Link:
  C:\Program Files (x86)\Microsoft Visual Studio 12.0\VC\bin\link.exe /ERRORREPORT:PROMPT /OUT:"C:\Charith\Dropbox\Research\development\exalgo\postprocess\buildex\build32\bin\buildex.exe" /INCREMENTAL /NOLOGO kernel32.lib user32.lib gdi32.lib winspool.lib shell32.lib ole32.lib oleaut32.lib uuid.lib comdlg32.lib advapi32.lib /MANIFEST /MANIFESTUAC:"level='asInvoker' uiAccess='false'" /manifest:embed /DEBUG /PDB:"C:/Charith/Dropbox/Research/development/exalgo/postprocess/buildex/build32/bin/buildex.pdb" /SUBSYSTEM:CONSOLE /TLBID:1 /DYNAMICBASE /NXCOMPAT /IMPLIB:"C:/Charith/Dropbox/Research/development/exalgo/postprocess/buildex/build32/bin/buildex.lib" /MACHINE:X86 /SAFESEH  /machine:X86 /debug buildex.dir\Debug\main.obj
  buildex.dir\Debug\expression_tree.obj
  buildex.dir\Debug\node.obj
  buildex.dir\Debug\canonicalize.obj
  buildex.dir\Debug\fileparser.obj
  buildex.dir\Debug\tree_transformations.obj
  buildex.dir\Debug\build_mem_instrace.obj
  buildex.dir\Debug\build_mem_dump.obj
  buildex.dir\Debug\build_tree.obj
  buildex.dir\Debug\build_abs_tree.obj
  buildex.dir\Debug\print_common.obj
  buildex.dir\Debug\print_halide.obj
  buildex.dir\Debug\print_dot.obj
  buildex.dir\Debug\imageparser.obj
  buildex.vcxproj -> C:\Charith\Dropbox\Research\development\exalgo\postprocess\buildex\build32\bin\buildex.exe
FinalizeBuildStatus:
  Deleting file "buildex.dir\Debug\buildex.tlog\unsuccessfulbuild".
  Touching "buildex.dir\Debug\buildex.tlog\buildex.lastbuildstate".
Done Building Project "C:\Charith\Dropbox\Research\development\exalgo\postprocess\buildex\build32\buildex.vcxproj" (Build target(s)).

Build succeeded.

Time Elapsed 00:00:16.84
